
-----
Test: tests/test_user.py::Test_create_user::test_create_new_user (call)
Time: 2024-03-08 22:50:13.349634
Request method: POST
Request URL: https://petstore.swagger.io/v2/user

Response code: 200
Response text: {"code":200,"type":"unknown","message":"99"}
Response headers: {'Date': 'Fri, 08 Mar 2024 19:50:14 GMT', 'Content-Type': 'application/json', 'Transfer-Encoding': 'chunked', 'Connection': 'keep-alive', 'Access-Control-Allow-Origin': '*', 'Access-Control-Allow-Methods': 'GET, POST, DELETE, PUT', 'Access-Control-Allow-Headers': 'Content-Type, api_key, Authorization', 'Server': 'Jetty(9.2.9.v20150224)'}
Response cookies: {}

-----

-----
Test: tests/test_user.py::Test_create_user::test_create_new_user (call)
Time: 2024-03-08 22:50:13.892774
Request method: GET
Request URL: https://petstore.swagger.io/v2/user/Elvis

Response code: 200
Response text: {"id":99,"username":"Elvis","firstName":"Elvis","lastName":"Presli","email":"test@mail.ru","password":"test123","phone":"999999","userStatus":99}
Response headers: {'Date': 'Fri, 08 Mar 2024 19:50:14 GMT', 'Content-Type': 'application/json', 'Transfer-Encoding': 'chunked', 'Connection': 'keep-alive', 'Access-Control-Allow-Origin': '*', 'Access-Control-Allow-Methods': 'GET, POST, DELETE, PUT', 'Access-Control-Allow-Headers': 'Content-Type, api_key, Authorization', 'Server': 'Jetty(9.2.9.v20150224)'}
Response cookies: {}

-----

-----
Test: tests/test_user.py::Test_create_user::test_create_new_user (call)
Time: 2024-03-08 22:50:14.495087
Request method: DELETE
Request URL: https://petstore.swagger.io/v2/user/Elvis

Response code: 200
Response text: {"code":200,"type":"unknown","message":"Elvis"}
Response headers: {'Date': 'Fri, 08 Mar 2024 19:50:15 GMT', 'Content-Type': 'application/json', 'Transfer-Encoding': 'chunked', 'Connection': 'keep-alive', 'Access-Control-Allow-Origin': '*', 'Access-Control-Allow-Methods': 'GET, POST, DELETE, PUT', 'Access-Control-Allow-Headers': 'Content-Type, api_key, Authorization', 'Server': 'Jetty(9.2.9.v20150224)'}
Response cookies: {}

-----

-----
Test: tests/test_user.py::Test_create_user::test_create_new_user (call)
Time: 2024-03-08 22:50:15.026452
Request method: GET
Request URL: https://petstore.swagger.io/v2/user/Elvis

Response code: 404
Response text: {"code":1,"type":"error","message":"User not found"}
Response headers: {'Date': 'Fri, 08 Mar 2024 19:50:15 GMT', 'Content-Type': 'application/json', 'Transfer-Encoding': 'chunked', 'Connection': 'keep-alive', 'Access-Control-Allow-Origin': '*', 'Access-Control-Allow-Methods': 'GET, POST, DELETE, PUT', 'Access-Control-Allow-Headers': 'Content-Type, api_key, Authorization', 'Server': 'Jetty(9.2.9.v20150224)'}
Response cookies: {}

-----

-----
Test: tests/test_user_negativity.py::Test_create_user_negativity::test_create_new_user_negativ (call)
Time: 2024-03-08 22:50:15.632196
Request method: POST
Request URL: https://petstore.swagger.io/v2/user

Response code: 200
Response text: {"code":200,"type":"unknown","message":"0"}
Response headers: {'Date': 'Fri, 08 Mar 2024 19:50:16 GMT', 'Content-Type': 'application/json', 'Transfer-Encoding': 'chunked', 'Connection': 'keep-alive', 'Access-Control-Allow-Origin': '*', 'Access-Control-Allow-Methods': 'GET, POST, DELETE, PUT', 'Access-Control-Allow-Headers': 'Content-Type, api_key, Authorization', 'Server': 'Jetty(9.2.9.v20150224)'}
Response cookies: {}

-----

-----
Test: tests/test_user_negativity.py::Test_create_user_negativity::test_create_new_user_negativ (call)
Time: 2024-03-08 22:50:16.165379
Request method: POST
Request URL: https://petstore.swagger.io/v2/user

Response code: 200
Response text: {"code":200,"type":"unknown","message":"99"}
Response headers: {'Date': 'Fri, 08 Mar 2024 19:50:17 GMT', 'Content-Type': 'application/json', 'Transfer-Encoding': 'chunked', 'Connection': 'keep-alive', 'Access-Control-Allow-Origin': '*', 'Access-Control-Allow-Methods': 'GET, POST, DELETE, PUT', 'Access-Control-Allow-Headers': 'Content-Type, api_key, Authorization', 'Server': 'Jetty(9.2.9.v20150224)'}
Response cookies: {}

-----

-----
Test: tests/test_user_negativity.py::Test_create_user_negativity::test_create_new_user_negativ (call)
Time: 2024-03-08 22:50:16.764415
Request method: POST
Request URL: https://petstore.swagger.io/v2/user

Response code: 200
Response text: {"code":200,"type":"unknown","message":"9223372036854775807"}
Response headers: {'Date': 'Fri, 08 Mar 2024 19:50:17 GMT', 'Content-Type': 'application/json', 'Transfer-Encoding': 'chunked', 'Connection': 'keep-alive', 'Access-Control-Allow-Origin': '*', 'Access-Control-Allow-Methods': 'GET, POST, DELETE, PUT', 'Access-Control-Allow-Headers': 'Content-Type, api_key, Authorization', 'Server': 'Jetty(9.2.9.v20150224)'}
Response cookies: {}

-----

-----
Test: tests/test_user_negativity.py::Test_create_user_negativity::test_create_new_user_negativ (call)
Time: 2024-03-08 22:50:17.294145
Request method: GET
Request URL: https://petstore.swagger.io/v2/user/Elvis28379712494239729

Response code: 404
Response text: {"code":1,"type":"error","message":"User not found"}
Response headers: {'Date': 'Fri, 08 Mar 2024 19:50:18 GMT', 'Content-Type': 'application/json', 'Transfer-Encoding': 'chunked', 'Connection': 'keep-alive', 'Access-Control-Allow-Origin': '*', 'Access-Control-Allow-Methods': 'GET, POST, DELETE, PUT', 'Access-Control-Allow-Headers': 'Content-Type, api_key, Authorization', 'Server': 'Jetty(9.2.9.v20150224)'}
Response cookies: {}

-----

-----
Test: tests/test_user_negativity.py::Test_create_user_negativity::test_create_new_user_negativ (call)
Time: 2024-03-08 22:50:17.828398
Request method: GET
Request URL: https://petstore.swagger.io/v2/user

Response code: 405
Response text: <?xml version="1.0" encoding="UTF-8" standalone="yes"?><apiResponse><type>unknown</type></apiResponse>
Response headers: {'Date': 'Fri, 08 Mar 2024 19:50:18 GMT', 'Content-Type': 'application/xml', 'Content-Length': '102', 'Connection': 'keep-alive', 'Access-Control-Allow-Origin': '*', 'Access-Control-Allow-Methods': 'GET, POST, DELETE, PUT', 'Access-Control-Allow-Headers': 'Content-Type, api_key, Authorization', 'Server': 'Jetty(9.2.9.v20150224)'}
Response cookies: {}

-----

-----
Test: tests/test_user_negativity.py::Test_create_user_negativity::test_create_new_user_negativ (call)
Time: 2024-03-08 22:50:18.367982
Request method: GET_NEGATIV
Request URL: https://petstore.swagger.io/v2/user/Elvis28379712494239729

Response code: 404
Response text: {"code":1,"type":"error","message":"User not found"}
Response headers: {'Date': 'Fri, 08 Mar 2024 19:50:19 GMT', 'Content-Type': 'application/json', 'Transfer-Encoding': 'chunked', 'Connection': 'keep-alive', 'Access-Control-Allow-Origin': '*', 'Access-Control-Allow-Methods': 'GET, POST, DELETE, PUT', 'Access-Control-Allow-Headers': 'Content-Type, api_key, Authorization', 'Server': 'Jetty(9.2.9.v20150224)'}
Response cookies: {}

-----

-----
Test: tests/test_user_negativity.py::Test_create_user_negativity::test_create_new_user_negativ (call)
Time: 2024-03-08 22:50:18.897855
Request method: DELETE
Request URL: https://petstore.swagger.io/v2/user/Elweokfnvowenfknwekoewvbokwnbokp

Response code: 404
Response text: 
Response headers: {'Date': 'Fri, 08 Mar 2024 19:50:19 GMT', 'Content-Length': '0', 'Connection': 'keep-alive', 'Access-Control-Allow-Origin': '*', 'Access-Control-Allow-Methods': 'GET, POST, DELETE, PUT', 'Access-Control-Allow-Headers': 'Content-Type, api_key, Authorization', 'Server': 'Jetty(9.2.9.v20150224)'}
Response cookies: {}

-----

-----
Test: tests/test_user_negativity.py::Test_create_user_negativity::test_create_new_user_negativ (call)
Time: 2024-03-08 22:50:19.498731
Request method: DELETE
Request URL: https://petstore.swagger.io/v2/user/Elvis

Response code: 404
Response text: 
Response headers: {'Date': 'Fri, 08 Mar 2024 19:50:20 GMT', 'Content-Length': '0', 'Connection': 'keep-alive', 'Access-Control-Allow-Origin': '*', 'Access-Control-Allow-Methods': 'GET, POST, DELETE, PUT', 'Access-Control-Allow-Headers': 'Content-Type, api_key, Authorization', 'Server': 'Jetty(9.2.9.v20150224)'}
Response cookies: {}

-----

-----
Test: tests/test_pet.py::Test_create_pet::test_create_new_pet (call)
Time: 2024-03-08 22:50:20.110058
Request method: POST
Request URL: https://petstore.swagger.io/v2/pet

Response code: 200
Response text: {"id":99,"category":{"id":99,"name":"Elvis"},"name":"doggie","photoUrls":["null"],"tags":[{"id":78,"name":"Armi"}],"status":"available"}
Response headers: {'Date': 'Fri, 08 Mar 2024 19:50:21 GMT', 'Content-Type': 'application/json', 'Transfer-Encoding': 'chunked', 'Connection': 'keep-alive', 'Access-Control-Allow-Origin': '*', 'Access-Control-Allow-Methods': 'GET, POST, DELETE, PUT', 'Access-Control-Allow-Headers': 'Content-Type, api_key, Authorization', 'Server': 'Jetty(9.2.9.v20150224)'}
Response cookies: {}

-----

-----
Test: tests/test_pet.py::Test_create_pet::test_create_new_pet (call)
Time: 2024-03-08 22:50:20.643838
Request method: GET
Request URL: https://petstore.swagger.io/v2/pet/99

Response code: 200
Response text: {"id":99,"category":{"id":99,"name":"Elvis"},"name":"doggie","photoUrls":["null"],"tags":[{"id":78,"name":"Armi"}],"status":"available"}
Response headers: {'Date': 'Fri, 08 Mar 2024 19:50:21 GMT', 'Content-Type': 'application/json', 'Transfer-Encoding': 'chunked', 'Connection': 'keep-alive', 'Access-Control-Allow-Origin': '*', 'Access-Control-Allow-Methods': 'GET, POST, DELETE, PUT', 'Access-Control-Allow-Headers': 'Content-Type, api_key, Authorization', 'Server': 'Jetty(9.2.9.v20150224)'}
Response cookies: {}

-----

-----
Test: tests/test_pet.py::Test_create_pet::test_create_new_pet (call)
Time: 2024-03-08 22:50:21.239862
Request method: DELETE
Request URL: https://petstore.swagger.io/v2/pet/99

Response code: 200
Response text: {"code":200,"type":"unknown","message":"99"}
Response headers: {'Date': 'Fri, 08 Mar 2024 19:50:22 GMT', 'Content-Type': 'application/json', 'Transfer-Encoding': 'chunked', 'Connection': 'keep-alive', 'Access-Control-Allow-Origin': '*', 'Access-Control-Allow-Methods': 'GET, POST, DELETE, PUT', 'Access-Control-Allow-Headers': 'Content-Type, api_key, Authorization', 'Server': 'Jetty(9.2.9.v20150224)'}
Response cookies: {}

-----

-----
Test: tests/test_pet.py::Test_create_pet::test_create_new_pet (call)
Time: 2024-03-08 22:50:21.774077
Request method: GET
Request URL: https://petstore.swagger.io/v2/pet/99

Response code: 404
Response text: {"code":1,"type":"error","message":"Pet not found"}
Response headers: {'Date': 'Fri, 08 Mar 2024 19:50:22 GMT', 'Content-Type': 'application/json', 'Transfer-Encoding': 'chunked', 'Connection': 'keep-alive', 'Access-Control-Allow-Origin': '*', 'Access-Control-Allow-Methods': 'GET, POST, DELETE, PUT', 'Access-Control-Allow-Headers': 'Content-Type, api_key, Authorization', 'Server': 'Jetty(9.2.9.v20150224)'}
Response cookies: {}

-----
